# JRE version: OpenJDK Runtime Environment Zulu17.48+15-CA (17.0.10+7) (build 17.0.10+7-LTS)
# Java VM: OpenJDK 64-Bit Server VM Zulu17.48+15-CA (17.0.10+7-LTS, mixed mode, sharing, tiered, compressed oops, compressed class ptrs, g1 gc, bsd-amd64)
Heap:
 garbage-first heap   total 92160K, used 54000K [0x0000000780000000, 0x0000000800000000)
  region size 1024K, 18 young (18432K), 5 survivors (5120K)
 Metaspace       used 56696K, committed 57152K, reserved 491520K
  class space    used 7910K, committed 8128K, reserved 425984K
GC Heap History (20 events):
Event: 1.962 GC heap before
{Heap before GC invocations=1 (full 0):
 garbage-first heap   total 395264K, used 27191K [0x0000000780000000, 0x0000000800000000)
  region size 1024K, 19 young (19456K), 3 survivors (3072K)
 Metaspace       used 4030K, committed 4224K, reserved 491520K
  class space    used 519K, committed 640K, reserved 425984K
}
Event: 1.964 GC heap after
{Heap after GC invocations=2 (full 0):
 garbage-first heap   total 395264K, used 12443K [0x0000000780000000, 0x0000000800000000)
  region size 1024K, 2 young (2048K), 2 survivors (2048K)
 Metaspace       used 4030K, committed 4224K, reserved 491520K
  class space    used 519K, committed 640K, reserved 425984K
}
Event: 3.696 GC heap before
{Heap before GC invocations=2 (full 0):
 garbage-first heap   total 395264K, used 57499K [0x0000000780000000, 0x0000000800000000)
  region size 1024K, 44 young (45056K), 2 survivors (2048K)
 Metaspace       used 8612K, committed 8832K, reserved 491520K
  class space    used 1178K, committed 1280K, reserved 425984K
}
Event: 3.701 GC heap after
{Heap after GC invocations=3 (full 0):
 garbage-first heap   total 395264K, used 19812K [0x0000000780000000, 0x0000000800000000)
  region size 1024K, 6 young (6144K), 6 survivors (6144K)
 Metaspace       used 8612K, committed 8832K, reserved 491520K
  class space    used 1178K, committed 1280K, reserved 425984K
}
Event: 6.664 GC heap before
{Heap before GC invocations=3 (full 0):
 garbage-first heap   total 395264K, used 103780K [0x0000000780000000, 0x0000000800000000)
  region size 1024K, 89 young (91136K), 6 survivors (6144K)
 Metaspace       used 21212K, committed 21504K, reserved 491520K
  class space    used 3135K, committed 3264K, reserved 425984K
}
Event: 6.671 GC heap after
{Heap after GC invocations=4 (full 0):
 garbage-first heap   total 395264K, used 24063K [0x0000000780000000, 0x0000000800000000)
  region size 1024K, 11 young (11264K), 11 survivors (11264K)
 Metaspace       used 21212K, committed 21504K, reserved 491520K
  class space    used 3135K, committed 3264K, reserved 425984K
}
Event: 7.874 GC heap before
{Heap before GC invocations=5 (full 0):
 garbage-first heap   total 92160K, used 68095K [0x0000000780000000, 0x0000000800000000)
  region size 1024K, 54 young (55296K), 11 survivors (11264K)
 Metaspace       used 26471K, committed 26816K, reserved 491520K
  class space    used 3961K, committed 4096K, reserved 425984K
}
Event: 7.882 GC heap after
{Heap after GC invocations=6 (full 0):
 garbage-first heap   total 92160K, used 26702K [0x0000000780000000, 0x0000000800000000)
  region size 1024K, 3 young (3072K), 3 survivors (3072K)
 Metaspace       used 26471K, committed 26816K, reserved 491520K
  class space    used 3961K, committed 4096K, reserved 425984K
}
Event: 8.602 GC heap before
{Heap before GC invocations=6 (full 0):
 garbage-first heap   total 92160K, used 63566K [0x0000000780000000, 0x0000000800000000)
  region size 1024K, 40 young (40960K), 3 survivors (3072K)
 Metaspace       used 31520K, committed 31872K, reserved 491520K
  class space    used 4499K, committed 4672K, reserved 425984K
}
Event: 8.606 GC heap after
{Heap after GC invocations=7 (full 0):
 garbage-first heap   total 92160K, used 30035K [0x0000000780000000, 0x0000000800000000)
  region size 1024K, 5 young (5120K), 5 survivors (5120K)
 Metaspace       used 31520K, committed 31872K, reserved 491520K
  class space    used 4499K, committed 4672K, reserved 425984K
}
Event: 9.743 GC heap before
{Heap before GC invocations=7 (full 0):
 garbage-first heap   total 92160K, used 64851K [0x0000000780000000, 0x0000000800000000)
  region size 1024K, 36 young (36864K), 5 survivors (5120K)
 Metaspace       used 35520K, committed 35968K, reserved 491520K
  class space    used 5026K, committed 5248K, reserved 425984K
}
Event: 9.748 GC heap after
{Heap after GC invocations=8 (full 0):
 garbage-first heap   total 92160K, used 32810K [0x0000000780000000, 0x0000000800000000)
  region size 1024K, 6 young (6144K), 6 survivors (6144K)
 Metaspace       used 35520K, committed 35968K, reserved 491520K
  class space    used 5026K, committed 5248K, reserved 425984K
}
Event: 10.604 GC heap before
{Heap before GC invocations=9 (full 0):
 garbage-first heap   total 92160K, used 67626K [0x0000000780000000, 0x0000000800000000)
  region size 1024K, 40 young (40960K), 6 survivors (6144K)
 Metaspace       used 38520K, committed 39040K, reserved 491520K
  class space    used 5512K, committed 5760K, reserved 425984K
}
Event: 10.609 GC heap after
{Heap after GC invocations=10 (full 0):
 garbage-first heap   total 92160K, used 34428K [0x0000000780000000, 0x0000000800000000)
  region size 1024K, 4 young (4096K), 4 survivors (4096K)
 Metaspace       used 38520K, committed 39040K, reserved 491520K
  class space    used 5512K, committed 5760K, reserved 425984K
}
Event: 11.542 GC heap before
{Heap before GC invocations=10 (full 0):
 garbage-first heap   total 92160K, used 69244K [0x0000000780000000, 0x0000000800000000)
  region size 1024K, 38 young (38912K), 4 survivors (4096K)
 Metaspace       used 41965K, committed 42496K, reserved 491520K
  class space    used 6082K, committed 6336K, reserved 425984K
}
Event: 11.546 GC heap after
{Heap after GC invocations=11 (full 0):
 garbage-first heap   total 92160K, used 35388K [0x0000000780000000, 0x0000000800000000)
  region size 1024K, 3 young (3072K), 3 survivors (3072K)
 Metaspace       used 41965K, committed 42496K, reserved 491520K
  class space    used 6082K, committed 6336K, reserved 425984K
}
Event: 12.153 GC heap before
{Heap before GC invocations=11 (full 0):
 garbage-first heap   total 92160K, used 72252K [0x0000000780000000, 0x0000000800000000)
  region size 1024K, 38 young (38912K), 3 survivors (3072K)
 Metaspace       used 46614K, committed 47104K, reserved 491520K
  class space    used 6610K, committed 6848K, reserved 425984K
}
Event: 12.156 GC heap after
{Heap after GC invocations=12 (full 0):
 garbage-first heap   total 92160K, used 36392K [0x0000000780000000, 0x0000000800000000)
  region size 1024K, 4 young (4096K), 4 survivors (4096K)
 Metaspace       used 46614K, committed 47104K, reserved 491520K
  class space    used 6610K, committed 6848K, reserved 425984K
}
Event: 13.357 GC heap before
{Heap before GC invocations=12 (full 0):
 garbage-first heap   total 92160K, used 72232K [0x0000000780000000, 0x0000000800000000)
  region size 1024K, 39 young (39936K), 4 survivors (4096K)
 Metaspace       used 55587K, committed 56128K, reserved 491520K
  class space    used 7785K, committed 8064K, reserved 425984K
}
Event: 13.363 GC heap after
{Heap after GC invocations=13 (full 0):
 garbage-first heap   total 92160K, used 41661K [0x0000000780000000, 0x0000000800000000)
  region size 1024K, 5 young (5120K), 5 survivors (5120K)
 Metaspace       used 55587K, committed 56128K, reserved 491520K
  class space    used 7785K, committed 8064K, reserved 425984K
}

