# JRE version: OpenJDK Runtime Environment (17.0.11) (build 17.0.11+0-17.0.11b1207.24-11852314)
# Java VM: OpenJDK 64-Bit Server VM (17.0.11+0-17.0.11b1207.24-11852314, mixed mode, tiered, compressed oops, compressed class ptrs, g1 gc, bsd-amd64)
Heap:
 garbage-first heap   total 596992K, used 413961K [0x0000000780000000, 0x0000000800000000)
  region size 1024K, 283 young (289792K), 8 survivors (8192K)
 Metaspace       used 76683K, committed 77312K, reserved 557056K
  class space    used 10730K, committed 11008K, reserved 425984K
GC Heap History (20 events):
Event: 18.530 GC heap before
{Heap before GC invocations=65 (full 0):
 garbage-first heap   total 215040K, used 121097K [0x0000000780000000, 0x0000000800000000)
  region size 1024K, 10 young (10240K), 7 survivors (7168K)
 Metaspace       used 57010K, committed 57536K, reserved 491520K
  class space    used 8055K, committed 8256K, reserved 425984K
}
Event: 18.538 GC heap after
{Heap after GC invocations=66 (full 0):
 garbage-first heap   total 215040K, used 105722K [0x0000000780000000, 0x0000000800000000)
  region size 1024K, 1 young (1024K), 1 survivors (1024K)
 Metaspace       used 57010K, committed 57536K, reserved 491520K
  class space    used 8055K, committed 8256K, reserved 425984K
}
Event: 18.583 GC heap before
{Heap before GC invocations=66 (full 0):
 garbage-first heap   total 215040K, used 129274K [0x0000000780000000, 0x0000000800000000)
  region size 1024K, 25 young (25600K), 1 survivors (1024K)
 Metaspace       used 57011K, committed 57536K, reserved 491520K
  class space    used 8055K, committed 8256K, reserved 425984K
}
Event: 18.588 GC heap after
{Heap after GC invocations=67 (full 0):
 garbage-first heap   total 596992K, used 105944K [0x0000000780000000, 0x0000000800000000)
  region size 1024K, 2 young (2048K), 2 survivors (2048K)
 Metaspace       used 57011K, committed 57536K, reserved 491520K
  class space    used 8055K, committed 8256K, reserved 425984K
}
Event: 19.832 GC heap before
{Heap before GC invocations=67 (full 0):
 garbage-first heap   total 596992K, used 382424K [0x0000000780000000, 0x0000000800000000)
  region size 1024K, 267 young (273408K), 2 survivors (2048K)
 Metaspace       used 57069K, committed 57536K, reserved 491520K
  class space    used 8056K, committed 8256K, reserved 425984K
}
Event: 19.836 GC heap after
{Heap after GC invocations=68 (full 0):
 garbage-first heap   total 596992K, used 114110K [0x0000000780000000, 0x0000000800000000)
  region size 1024K, 4 young (4096K), 4 survivors (4096K)
 Metaspace       used 57069K, committed 57536K, reserved 491520K
  class space    used 8056K, committed 8256K, reserved 425984K
}
Event: 21.344 GC heap before
{Heap before GC invocations=68 (full 0):
 garbage-first heap   total 596992K, used 416190K [0x0000000780000000, 0x0000000800000000)
  region size 1024K, 299 young (306176K), 4 survivors (4096K)
 Metaspace       used 57071K, committed 57536K, reserved 491520K
  class space    used 8056K, committed 8256K, reserved 425984K
}
Event: 21.350 GC heap after
{Heap after GC invocations=69 (full 0):
 garbage-first heap   total 596992K, used 116450K [0x0000000780000000, 0x0000000800000000)
  region size 1024K, 6 young (6144K), 6 survivors (6144K)
 Metaspace       used 57071K, committed 57536K, reserved 491520K
  class space    used 8056K, committed 8256K, reserved 425984K
}
Event: 22.707 GC heap before
{Heap before GC invocations=69 (full 0):
 garbage-first heap   total 596992K, used 467682K [0x0000000780000000, 0x0000000800000000)
  region size 1024K, 349 young (357376K), 6 survivors (6144K)
 Metaspace       used 57076K, committed 57536K, reserved 491520K
  class space    used 8057K, committed 8256K, reserved 425984K
}
Event: 22.714 GC heap after
{Heap after GC invocations=70 (full 0):
 garbage-first heap   total 596992K, used 119707K [0x0000000780000000, 0x0000000800000000)
  region size 1024K, 9 young (9216K), 9 survivors (9216K)
 Metaspace       used 57076K, committed 57536K, reserved 491520K
  class space    used 8057K, committed 8256K, reserved 425984K
}
Event: 24.019 GC heap before
{Heap before GC invocations=70 (full 0):
 garbage-first heap   total 596992K, used 467867K [0x0000000780000000, 0x0000000800000000)
  region size 1024K, 349 young (357376K), 9 survivors (9216K)
 Metaspace       used 57078K, committed 57536K, reserved 491520K
  class space    used 8057K, committed 8256K, reserved 425984K
}
Event: 24.026 GC heap after
{Heap after GC invocations=71 (full 0):
 garbage-first heap   total 596992K, used 123073K [0x0000000780000000, 0x0000000800000000)
  region size 1024K, 12 young (12288K), 12 survivors (12288K)
 Metaspace       used 57078K, committed 57536K, reserved 491520K
  class space    used 8057K, committed 8256K, reserved 425984K
}
Event: 25.129 GC heap before
{Heap before GC invocations=71 (full 0):
 garbage-first heap   total 596992K, used 468161K [0x0000000780000000, 0x0000000800000000)
  region size 1024K, 349 young (357376K), 12 survivors (12288K)
 Metaspace       used 57080K, committed 57536K, reserved 491520K
  class space    used 8057K, committed 8256K, reserved 425984K
}
Event: 25.135 GC heap after
{Heap after GC invocations=72 (full 0):
 garbage-first heap   total 596992K, used 126164K [0x0000000780000000, 0x0000000800000000)
  region size 1024K, 15 young (15360K), 15 survivors (15360K)
 Metaspace       used 57080K, committed 57536K, reserved 491520K
  class space    used 8057K, committed 8256K, reserved 425984K
}
Event: 26.084 GC heap before
{Heap before GC invocations=72 (full 0):
 garbage-first heap   total 596992K, used 468180K [0x0000000780000000, 0x0000000800000000)
  region size 1024K, 349 young (357376K), 15 survivors (15360K)
 Metaspace       used 57087K, committed 57536K, reserved 491520K
  class space    used 8057K, committed 8256K, reserved 425984K
}
Event: 26.091 GC heap after
{Heap after GC invocations=73 (full 0):
 garbage-first heap   total 596992K, used 129289K [0x0000000780000000, 0x0000000800000000)
  region size 1024K, 18 young (18432K), 18 survivors (18432K)
 Metaspace       used 57087K, committed 57536K, reserved 491520K
  class space    used 8057K, committed 8256K, reserved 425984K
}
Event: 27.595 GC heap before
{Heap before GC invocations=73 (full 0):
 garbage-first heap   total 596992K, used 474377K [0x0000000780000000, 0x0000000800000000)
  region size 1024K, 349 young (357376K), 18 survivors (18432K)
 Metaspace       used 57142K, committed 57600K, reserved 491520K
  class space    used 8060K, committed 8256K, reserved 425984K
}
Event: 27.597 GC heap after
{Heap after GC invocations=74 (full 0):
 garbage-first heap   total 596992K, used 115465K [0x0000000780000000, 0x0000000800000000)
  region size 1024K, 5 young (5120K), 5 survivors (5120K)
 Metaspace       used 57142K, committed 57600K, reserved 491520K
  class space    used 8060K, committed 8256K, reserved 425984K
}
Event: 28.678 GC heap before
{Heap before GC invocations=74 (full 0):
 garbage-first heap   total 596992K, used 467721K [0x0000000780000000, 0x0000000800000000)
  region size 1024K, 349 young (357376K), 5 survivors (5120K)
 Metaspace       used 57145K, committed 57600K, reserved 491520K
  class space    used 8060K, committed 8256K, reserved 425984K
}
Event: 28.682 GC heap after
{Heap after GC invocations=75 (full 0):
 garbage-first heap   total 596992K, used 119049K [0x0000000780000000, 0x0000000800000000)
  region size 1024K, 8 young (8192K), 8 survivors (8192K)
 Metaspace       used 57145K, committed 57600K, reserved 491520K
  class space    used 8060K, committed 8256K, reserved 425984K
}

